<?xml version="1.0" encoding="UTF-8"?>
<testsuite xmlns:xsi="http://www.w3.org/2001/XMLSchema-instance" xsi:noNamespaceSchemaLocation="https://maven.apache.org/surefire/maven-surefire-plugin/xsd/surefire-test-report.xsd" version="3.0.2" name="io.quarkus.langchain4j.bug.ModelNameMemoryInteractionTest" time="2.685" tests="1" errors="0" skipped="0" failures="0">
  <properties>
    <property name="java.specification.version" value="17"/>
    <property name="sun.jnu.encoding" value="UTF-8"/>
    <property name="test.url" value="http://localhost:8081"/>
    <property name="java.class.path" value="/Users/work/Desktop/project/bug-demo/target/test-classes:/Users/work/Desktop/project/bug-demo/target/classes:/Users/work/.m2/repository/io/quarkus/quarkus-arc/3.28.4/quarkus-arc-3.28.4.jar:/Users/work/.m2/repository/io/quarkus/arc/arc/3.28.4/arc-3.28.4.jar:/Users/work/.m2/repository/jakarta/enterprise/jakarta.enterprise.cdi-api/4.1.0/jakarta.enterprise.cdi-api-4.1.0.jar:/Users/work/.m2/repository/jakarta/enterprise/jakarta.enterprise.lang-model/4.1.0/jakarta.enterprise.lang-model-4.1.0.jar:/Users/work/.m2/repository/jakarta/el/jakarta.el-api/6.0.1/jakarta.el-api-6.0.1.jar:/Users/work/.m2/repository/jakarta/interceptor/jakarta.interceptor-api/2.2.0/jakarta.interceptor-api-2.2.0.jar:/Users/work/.m2/repository/jakarta/annotation/jakarta.annotation-api/3.0.0/jakarta.annotation-api-3.0.0.jar:/Users/work/.m2/repository/jakarta/transaction/jakarta.transaction-api/2.0.1/jakarta.transaction-api-2.0.1.jar:/Users/work/.m2/repository/io/smallrye/reactive/mutiny/2.9.4/mutiny-2.9.4.jar:/Users/work/.m2/repository/org/jctools/jctools-core/4.0.5/jctools-core-4.0.5.jar:/Users/work/.m2/repository/org/jboss/logging/jboss-logging/3.6.1.Final/jboss-logging-3.6.1.Final.jar:/Users/work/.m2/repository/io/quarkus/quarkus-core/3.28.4/quarkus-core-3.28.4.jar:/Users/work/.m2/repository/jakarta/inject/jakarta.inject-api/2.0.1/jakarta.inject-api-2.0.1.jar:/Users/work/.m2/repository/io/smallrye/common/smallrye-common-os/2.13.9/smallrye-common-os-2.13.9.jar:/Users/work/.m2/repository/io/quarkus/quarkus-ide-launcher/3.28.4/quarkus-ide-launcher-3.28.4.jar:/Users/work/.m2/repository/io/quarkus/quarkus-development-mode-spi/3.28.4/quarkus-development-mode-spi-3.28.4.jar:/Users/work/.m2/repository/io/smallrye/config/smallrye-config/3.13.4/smallrye-config-3.13.4.jar:/Users/work/.m2/repository/io/smallrye/config/smallrye-config-core/3.13.4/smallrye-config-core-3.13.4.jar:/Users/work/.m2/repository/org/eclipse/microprofile/config/microprofile-config-api/3.1/microprofile-config-api-3.1.jar:/Users/work/.m2/repository/io/smallrye/common/smallrye-common-classloader/2.13.9/smallrye-common-classloader-2.13.9.jar:/Users/work/.m2/repository/io/smallrye/config/smallrye-config-common/3.13.4/smallrye-config-common-3.13.4.jar:/Users/work/.m2/repository/org/jboss/logmanager/jboss-logmanager/3.1.2.Final/jboss-logmanager-3.1.2.Final.jar:/Users/work/.m2/repository/io/smallrye/common/smallrye-common-constraint/2.13.9/smallrye-common-constraint-2.13.9.jar:/Users/work/.m2/repository/io/smallrye/common/smallrye-common-cpu/2.13.9/smallrye-common-cpu-2.13.9.jar:/Users/work/.m2/repository/io/smallrye/common/smallrye-common-expression/2.13.9/smallrye-common-expression-2.13.9.jar:/Users/work/.m2/repository/io/smallrye/common/smallrye-common-net/2.13.9/smallrye-common-net-2.13.9.jar:/Users/work/.m2/repository/io/smallrye/common/smallrye-common-ref/2.13.9/smallrye-common-ref-2.13.9.jar:/Users/work/.m2/repository/jakarta/json/jakarta.json-api/2.1.3/jakarta.json-api-2.1.3.jar:/Users/work/.m2/repository/org/eclipse/parsson/parsson/1.1.7/parsson-1.1.7.jar:/Users/work/.m2/repository/org/jboss/threads/jboss-threads/3.9.1/jboss-threads-3.9.1.jar:/Users/work/.m2/repository/io/smallrye/common/smallrye-common-function/2.13.9/smallrye-common-function-2.13.9.jar:/Users/work/.m2/repository/org/slf4j/slf4j-api/2.0.17/slf4j-api-2.0.17.jar:/Users/work/.m2/repository/org/jboss/slf4j/slf4j-jboss-logmanager/2.0.0.Final/slf4j-jboss-logmanager-2.0.0.Final.jar:/Users/work/.m2/repository/org/wildfly/common/wildfly-common/2.0.1/wildfly-common-2.0.1.jar:/Users/work/.m2/repository/io/quarkus/quarkus-bootstrap-runner/3.28.4/quarkus-bootstrap-runner-3.28.4.jar:/Users/work/.m2/repository/org/crac/crac/1.5.0/crac-1.5.0.jar:/Users/work/.m2/repository/io/quarkus/quarkus-fs-util/1.2.0/quarkus-fs-util-1.2.0.jar:/Users/work/.m2/repository/org/eclipse/microprofile/context-propagation/microprofile-context-propagation-api/1.3/microprofile-context-propagation-api-1.3.jar:/Users/work/.m2/repository/io/quarkiverse/langchain4j/quarkus-langchain4j-core/1.2.0/quarkus-langchain4j-core-1.2.0.jar:/Users/work/.m2/repository/io/quarkus/quarkus-jackson/3.28.4/quarkus-jackson-3.28.4.jar:/Users/work/.m2/repository/com/fasterxml/jackson/core/jackson-databind/2.20.0/jackson-databind-2.20.0.jar:/Users/work/.m2/repository/com/fasterxml/jackson/datatype/jackson-datatype-jsr310/2.20.0/jackson-datatype-jsr310-2.20.0.jar:/Users/work/.m2/repository/com/fasterxml/jackson/datatype/jackson-datatype-jdk8/2.20.0/jackson-datatype-jdk8-2.20.0.jar:/Users/work/.m2/repository/com/fasterxml/jackson/module/jackson-module-parameter-names/2.20.0/jackson-module-parameter-names-2.20.0.jar:/Users/work/.m2/repository/io/quarkus/quarkus-qute/3.28.4/quarkus-qute-3.28.4.jar:/Users/work/.m2/repository/io/quarkus/qute/qute-core/3.28.4/qute-core-3.28.4.jar:/Users/work/.m2/repository/io/quarkus/quarkus-vertx/3.28.4/quarkus-vertx-3.28.4.jar:/Users/work/.m2/repository/io/quarkus/quarkus-netty/3.28.4/quarkus-netty-3.28.4.jar:/Users/work/.m2/repository/io/netty/netty-codec/4.1.127.Final/netty-codec-4.1.127.Final.jar:/Users/work/.m2/repository/io/netty/netty-common/4.1.127.Final/netty-common-4.1.127.Final.jar:/Users/work/.m2/repository/io/netty/netty-codec-http/4.1.127.Final/netty-codec-http-4.1.127.Final.jar:/Users/work/.m2/repository/io/netty/netty-codec-http2/4.1.127.Final/netty-codec-http2-4.1.127.Final.jar:/Users/work/.m2/repository/io/netty/netty-handler/4.1.127.Final/netty-handler-4.1.127.Final.jar:/Users/work/.m2/repository/io/netty/netty-resolver/4.1.127.Final/netty-resolver-4.1.127.Final.jar:/Users/work/.m2/repository/io/netty/netty-transport-native-unix-common/4.1.127.Final/netty-transport-native-unix-common-4.1.127.Final.jar:/Users/work/.m2/repository/io/netty/netty-codec-haproxy/4.1.127.Final/netty-codec-haproxy-4.1.127.Final.jar:/Users/work/.m2/repository/io/netty/netty-buffer/4.1.127.Final/netty-buffer-4.1.127.Final.jar:/Users/work/.m2/repository/io/netty/netty-transport/4.1.127.Final/netty-transport-4.1.127.Final.jar:/Users/work/.m2/repository/io/smallrye/common/smallrye-common-annotation/2.13.9/smallrye-common-annotation-2.13.9.jar:/Users/work/.m2/repository/io/smallrye/common/smallrye-common-vertx-context/2.13.9/smallrye-common-vertx-context-2.13.9.jar:/Users/work/.m2/repository/io/vertx/vertx-core/4.5.21/vertx-core-4.5.21.jar:/Users/work/.m2/repository/io/netty/netty-handler-proxy/4.1.127.Final/netty-handler-proxy-4.1.127.Final.jar:/Users/work/.m2/repository/io/netty/netty-codec-socks/4.1.127.Final/netty-codec-socks-4.1.127.Final.jar:/Users/work/.m2/repository/io/netty/netty-resolver-dns/4.1.127.Final/netty-resolver-dns-4.1.127.Final.jar:/Users/work/.m2/repository/io/netty/netty-codec-dns/4.1.127.Final/netty-codec-dns-4.1.127.Final.jar:/Users/work/.m2/repository/io/quarkus/quarkus-mutiny/3.28.4/quarkus-mutiny-3.28.4.jar:/Users/work/.m2/repository/io/quarkus/quarkus-smallrye-context-propagation/3.28.4/quarkus-smallrye-context-propagation-3.28.4.jar:/Users/work/.m2/repository/io/smallrye/smallrye-context-propagation/2.2.1/smallrye-context-propagation-2.2.1.jar:/Users/work/.m2/repository/io/smallrye/smallrye-context-propagation-api/2.2.1/smallrye-context-propagation-api-2.2.1.jar:/Users/work/.m2/repository/io/smallrye/smallrye-context-propagation-storage/2.2.1/smallrye-context-propagation-storage-2.2.1.jar:/Users/work/.m2/repository/io/smallrye/reactive/mutiny-smallrye-context-propagation/2.9.4/mutiny-smallrye-context-propagation-2.9.4.jar:/Users/work/.m2/repository/io/quarkus/quarkus-virtual-threads/3.28.4/quarkus-virtual-threads-3.28.4.jar:/Users/work/.m2/repository/io/quarkus/quarkus-vertx-latebound-mdc-provider/3.28.4/quarkus-vertx-latebound-mdc-provider-3.28.4.jar:/Users/work/.m2/repository/io/smallrye/reactive/smallrye-mutiny-vertx-core/3.19.2/smallrye-mutiny-vertx-core-3.19.2.jar:/Users/work/.m2/repository/io/smallrye/reactive/smallrye-mutiny-vertx-runtime/3.19.2/smallrye-mutiny-vertx-runtime-3.19.2.jar:/Users/work/.m2/repository/io/smallrye/reactive/vertx-mutiny-generator/3.19.2/vertx-mutiny-generator-3.19.2.jar:/Users/work/.m2/repository/io/vertx/vertx-codegen/4.5.21/vertx-codegen-4.5.21.jar:/Users/work/.m2/repository/io/smallrye/smallrye-fault-tolerance-vertx/6.9.3/smallrye-fault-tolerance-vertx-6.9.3.jar:/Users/work/.m2/repository/io/quarkiverse/langchain4j/quarkus-langchain4j-core-runtime-spi/1.2.0/quarkus-langchain4j-core-runtime-spi-1.2.0.jar:/Users/work/.m2/repository/dev/langchain4j/langchain4j/1.5.0/langchain4j-1.5.0.jar:/Users/work/.m2/repository/dev/langchain4j/langchain4j-core/1.5.0/langchain4j-core-1.5.0.jar:/Users/work/.m2/repository/org/jspecify/jspecify/1.0.0/jspecify-1.0.0.jar:/Users/work/.m2/repository/com/fasterxml/jackson/core/jackson-annotations/2.20/jackson-annotations-2.20.jar:/Users/work/.m2/repository/com/fasterxml/jackson/core/jackson-core/2.20.0/jackson-core-2.20.0.jar:/Users/work/.m2/repository/org/apache/opennlp/opennlp-tools/2.5.4/opennlp-tools-2.5.4.jar:/Users/work/.m2/repository/io/quarkiverse/langchain4j/quarkus-langchain4j-openai/1.2.0/quarkus-langchain4j-openai-1.2.0.jar:/Users/work/.m2/repository/io/quarkiverse/langchain4j/quarkus-langchain4j-openai-common/1.2.0/quarkus-langchain4j-openai-common-1.2.0.jar:/Users/work/.m2/repository/dev/langchain4j/langchain4j-open-ai/1.5.0/langchain4j-open-ai-1.5.0.jar:/Users/work/.m2/repository/com/knuddels/jtokkit/1.1.0/jtokkit-1.1.0.jar:/Users/work/.m2/repository/io/quarkiverse/langchain4j/quarkus-langchain4j-mistral-ai/1.2.0/quarkus-langchain4j-mistral-ai-1.2.0.jar:/Users/work/.m2/repository/io/quarkus/quarkus-rest-client-jackson/3.28.4/quarkus-rest-client-jackson-3.28.4.jar:/Users/work/.m2/repository/io/quarkus/resteasy/reactive/resteasy-reactive-jackson/3.28.4/resteasy-reactive-jackson-3.28.4.jar:/Users/work/.m2/repository/io/quarkus/resteasy/reactive/resteasy-reactive/3.28.4/resteasy-reactive-3.28.4.jar:/Users/work/.m2/repository/io/quarkus/resteasy/reactive/resteasy-reactive-common/3.28.4/resteasy-reactive-common-3.28.4.jar:/Users/work/.m2/repository/io/quarkus/resteasy/reactive/resteasy-reactive-common-types/3.28.4/resteasy-reactive-common-types-3.28.4.jar:/Users/work/.m2/repository/org/reactivestreams/reactive-streams/1.0.4/reactive-streams-1.0.4.jar:/Users/work/.m2/repository/io/smallrye/reactive/mutiny-zero-flow-adapters/1.1.1/mutiny-zero-flow-adapters-1.1.1.jar:/Users/work/.m2/repository/jakarta/ws/rs/jakarta.ws.rs-api/3.1.0/jakarta.ws.rs-api-3.1.0.jar:/Users/work/.m2/repository/jakarta/xml/bind/jakarta.xml.bind-api/4.0.4/jakarta.xml.bind-api-4.0.4.jar:/Users/work/.m2/repository/jakarta/activation/jakarta.activation-api/2.1.4/jakarta.activation-api-2.1.4.jar:/Users/work/.m2/repository/io/quarkus/quarkus-rest-jackson-common/3.28.4/quarkus-rest-jackson-common-3.28.4.jar:/Users/work/.m2/repository/io/quarkus/quarkus-rest-common/3.28.4/quarkus-rest-common-3.28.4.jar:/Users/work/.m2/repository/io/quarkus/quarkus-jsonp/3.28.4/quarkus-jsonp-3.28.4.jar:/Users/work/.m2/repository/io/quarkus/quarkus-rest-client/3.28.4/quarkus-rest-client-3.28.4.jar:/Users/work/.m2/repository/io/quarkus/quarkus-rest-client-jaxrs/3.28.4/quarkus-rest-client-jaxrs-3.28.4.jar:/Users/work/.m2/repository/io/quarkus/resteasy/reactive/resteasy-reactive-client/3.28.4/resteasy-reactive-client-3.28.4.jar:/Users/work/.m2/repository/io/smallrye/stork/stork-api/2.7.3/stork-api-2.7.3.jar:/Users/work/.m2/repository/io/vertx/vertx-web-client/4.5.21/vertx-web-client-4.5.21.jar:/Users/work/.m2/repository/io/vertx/vertx-uri-template/4.5.21/vertx-uri-template-4.5.21.jar:/Users/work/.m2/repository/io/vertx/vertx-web-common/4.5.21/vertx-web-common-4.5.21.jar:/Users/work/.m2/repository/io/vertx/vertx-auth-common/4.5.21/vertx-auth-common-4.5.21.jar:/Users/work/.m2/repository/io/quarkus/quarkus-rest-client-config/3.28.4/quarkus-rest-client-config-3.28.4.jar:/Users/work/.m2/repository/io/quarkus/quarkus-tls-registry/3.28.4/quarkus-tls-registry-3.28.4.jar:/Users/work/.m2/repository/io/quarkus/quarkus-tls-registry-spi/3.28.4/quarkus-tls-registry-spi-3.28.4.jar:/Users/work/.m2/repository/io/quarkus/quarkus-credentials/3.28.4/quarkus-credentials-3.28.4.jar:/Users/work/.m2/repository/io/smallrye/certs/smallrye-private-key-pem-parser/0.9.2/smallrye-private-key-pem-parser-0.9.2.jar:/Users/work/.m2/repository/org/eclipse/microprofile/rest/client/microprofile-rest-client-api/4.0/microprofile-rest-client-api-4.0.jar:/Users/work/.m2/repository/dev/langchain4j/langchain4j-mistral-ai/1.5.0/langchain4j-mistral-ai-1.5.0.jar:/Users/work/.m2/repository/dev/langchain4j/langchain4j-http-client/1.5.0/langchain4j-http-client-1.5.0.jar:/Users/work/.m2/repository/dev/langchain4j/langchain4j-http-client-jdk/1.5.0/langchain4j-http-client-jdk-1.5.0.jar:/Users/work/.m2/repository/io/quarkus/quarkus-junit5/3.28.4/quarkus-junit5-3.28.4.jar:/Users/work/.m2/repository/io/quarkus/quarkus-bootstrap-core/3.28.4/quarkus-bootstrap-core-3.28.4.jar:/Users/work/.m2/repository/io/quarkus/quarkus-classloader-commons/3.28.4/quarkus-classloader-commons-3.28.4.jar:/Users/work/.m2/repository/io/quarkus/quarkus-bootstrap-app-model/3.28.4/quarkus-bootstrap-app-model-3.28.4.jar:/Users/work/.m2/repository/io/smallrye/common/smallrye-common-io/2.13.9/smallrye-common-io-2.13.9.jar:/Users/work/.m2/repository/org/eclipse/sisu/org.eclipse.sisu.inject/0.9.0.M4/org.eclipse.sisu.inject-0.9.0.M4.jar:/Users/work/.m2/repository/org/ow2/asm/asm/9.8/asm-9.8.jar:/Users/work/.m2/repository/io/quarkus/quarkus-test-common/3.28.4/quarkus-test-common-3.28.4.jar:/Users/work/.m2/repository/io/quarkus/quarkus-core-deployment/3.28.4/quarkus-core-deployment-3.28.4.jar:/Users/work/.m2/repository/org/aesh/readline/2.6/readline-2.6.jar:/Users/work/.m2/repository/org/fusesource/jansi/jansi/2.4.0/jansi-2.4.0.jar:/Users/work/.m2/repository/org/aesh/aesh/2.8.2/aesh-2.8.2.jar:/Users/work/.m2/repository/org/apache/commons/commons-lang3/3.18.0/commons-lang3-3.18.0.jar:/Users/work/.m2/repository/org/apache/commons/commons-compress/1.28.0/commons-compress-1.28.0.jar:/Users/work/.m2/repository/commons-codec/commons-codec/1.19.0/commons-codec-1.19.0.jar:/Users/work/.m2/repository/io/quarkus/gizmo/gizmo/1.9.0/gizmo-1.9.0.jar:/Users/work/.m2/repository/org/ow2/asm/asm-util/9.8/asm-util-9.8.jar:/Users/work/.m2/repository/org/ow2/asm/asm-analysis/9.8/asm-analysis-9.8.jar:/Users/work/.m2/repository/io/quarkus/gizmo/gizmo2/2.0.0.Beta6/gizmo2-2.0.0.Beta6.jar:/Users/work/.m2/repository/io/github/dmlloyd/jdk-classfile-backport/24.0/jdk-classfile-backport-24.0.jar:/Users/work/.m2/repository/io/smallrye/common/smallrye-common-resource/2.13.9/smallrye-common-resource-2.13.9.jar:/Users/work/.m2/repository/io/smallrye/jandex-gizmo2/3.5.0/jandex-gizmo2-3.5.0.jar:/Users/work/.m2/repository/io/smallrye/common/smallrye-common-process/2.13.9/smallrye-common-process-2.13.9.jar:/Users/work/.m2/repository/org/ow2/asm/asm-commons/9.8/asm-commons-9.8.jar:/Users/work/.m2/repository/org/ow2/asm/asm-tree/9.8/asm-tree-9.8.jar:/Users/work/.m2/repository/io/quarkus/quarkus-hibernate-validator-spi/3.28.4/quarkus-hibernate-validator-spi-3.28.4.jar:/Users/work/.m2/repository/io/quarkus/quarkus-class-change-agent/3.28.4/quarkus-class-change-agent-3.28.4.jar:/Users/work/.m2/repository/io/quarkus/quarkus-builder/3.28.4/quarkus-builder-3.28.4.jar:/Users/work/.m2/repository/org/graalvm/sdk/nativeimage/23.1.2/nativeimage-23.1.2.jar:/Users/work/.m2/repository/org/graalvm/sdk/word/23.1.2/word-23.1.2.jar:/Users/work/.m2/repository/org/junit/platform/junit-platform-launcher/1.13.4/junit-platform-launcher-1.13.4.jar:/Users/work/.m2/repository/io/quarkus/quarkus-bootstrap-maven-resolver/3.28.4/quarkus-bootstrap-maven-resolver-3.28.4.jar:/Users/work/.m2/repository/io/smallrye/beanbag/smallrye-beanbag-maven/1.5.3/smallrye-beanbag-maven-1.5.3.jar:/Users/work/.m2/repository/io/smallrye/beanbag/smallrye-beanbag-sisu/1.5.3/smallrye-beanbag-sisu-1.5.3.jar:/Users/work/.m2/repository/io/smallrye/beanbag/smallrye-beanbag/1.5.3/smallrye-beanbag-1.5.3.jar:/Users/work/.m2/repository/javax/inject/javax.inject/1/javax.inject-1.jar:/Users/work/.m2/repository/org/apache/httpcomponents/httpclient/4.5.14/httpclient-4.5.14.jar:/Users/work/.m2/repository/org/apache/httpcomponents/httpcore/4.4.16/httpcore-4.4.16.jar:/Users/work/.m2/repository/org/apache/maven/maven-artifact/3.9.11/maven-artifact-3.9.11.jar:/Users/work/.m2/repository/org/apache/maven/maven-builder-support/3.9.11/maven-builder-support-3.9.11.jar:/Users/work/.m2/repository/org/apache/maven/maven-model/3.9.11/maven-model-3.9.11.jar:/Users/work/.m2/repository/org/apache/maven/maven-model-builder/3.9.11/maven-model-builder-3.9.11.jar:/Users/work/.m2/repository/org/apache/maven/maven-repository-metadata/3.9.11/maven-repository-metadata-3.9.11.jar:/Users/work/.m2/repository/org/apache/maven/maven-settings/3.9.11/maven-settings-3.9.11.jar:/Users/work/.m2/repository/org/apache/maven/resolver/maven-resolver-api/1.9.24/maven-resolver-api-1.9.24.jar:/Users/work/.m2/repository/org/apache/maven/resolver/maven-resolver-impl/1.9.24/maven-resolver-impl-1.9.24.jar:/Users/work/.m2/repository/org/apache/maven/resolver/maven-resolver-named-locks/1.9.24/maven-resolver-named-locks-1.9.24.jar:/Users/work/.m2/repository/org/apache/maven/resolver/maven-resolver-spi/1.9.24/maven-resolver-spi-1.9.24.jar:/Users/work/.m2/repository/org/apache/maven/resolver/maven-resolver-util/1.9.24/maven-resolver-util-1.9.24.jar:/Users/work/.m2/repository/org/apache/maven/resolver/maven-resolver-transport-http/1.9.23/maven-resolver-transport-http-1.9.23.jar:/Users/work/.m2/repository/org/apache/maven/wagon/wagon-provider-api/3.5.3/wagon-provider-api-3.5.3.jar:/Users/work/.m2/repository/org/apache/maven/wagon/wagon-http-shared/3.5.3/wagon-http-shared-3.5.3.jar:/Users/work/.m2/repository/org/codehaus/plexus/plexus-interpolation/1.26/plexus-interpolation-1.26.jar:/Users/work/.m2/repository/org/codehaus/plexus/plexus-utils/3.5.1/plexus-utils-3.5.1.jar:/Users/work/.m2/repository/org/codehaus/plexus/plexus-xml/4.0.2/plexus-xml-4.0.2.jar:/Users/work/.m2/repository/org/apache/maven/maven-xml-impl/4.0.0-alpha-7/maven-xml-impl-4.0.0-alpha-7.jar:/Users/work/.m2/repository/org/apache/maven/maven-api-xml/4.0.0-alpha-7/maven-api-xml-4.0.0-alpha-7.jar:/Users/work/.m2/repository/org/apache/maven/maven-api-meta/4.0.0-alpha-7/maven-api-meta-4.0.0-alpha-7.jar:/Users/work/.m2/repository/org/codehaus/plexus/plexus-cipher/2.0/plexus-cipher-2.0.jar:/Users/work/.m2/repository/org/codehaus/plexus/plexus-sec-dispatcher/2.0/plexus-sec-dispatcher-2.0.jar:/Users/work/.m2/repository/io/quarkus/quarkus-bootstrap-maven4-resolver/3.28.4/quarkus-bootstrap-maven4-resolver-3.28.4.jar:/Users/work/.m2/repository/org/apache/maven/maven-embedder/3.9.11/maven-embedder-3.9.11.jar:/Users/work/.m2/repository/org/apache/maven/maven-core/3.9.11/maven-core-3.9.11.jar:/Users/work/.m2/repository/org/codehaus/plexus/plexus-component-annotations/2.1.0/plexus-component-annotations-2.1.0.jar:/Users/work/.m2/repository/org/apache/maven/maven-plugin-api/3.9.11/maven-plugin-api-3.9.11.jar:/Users/work/.m2/repository/org/apache/maven/shared/maven-shared-utils/3.4.2/maven-shared-utils-3.4.2.jar:/Users/work/.m2/repository/com/google/inject/guice/5.1.0/guice-5.1.0-classes.jar:/Users/work/.m2/repository/aopalliance/aopalliance/1.0/aopalliance-1.0.jar:/Users/work/.m2/repository/com/google/guava/guava/33.4.8-jre/guava-33.4.8-jre.jar:/Users/work/.m2/repository/com/google/guava/failureaccess/1.0.1/failureaccess-1.0.1.jar:/Users/work/.m2/repository/javax/annotation/javax.annotation-api/1.3.2/javax.annotation-api-1.3.2.jar:/Users/work/.m2/repository/org/codehaus/plexus/plexus-classworlds/2.6.0/plexus-classworlds-2.6.0.jar:/Users/work/.m2/repository/commons-cli/commons-cli/1.9.0/commons-cli-1.9.0.jar:/Users/work/.m2/repository/org/eclipse/sisu/org.eclipse.sisu.plexus/0.9.0.M4/org.eclipse.sisu.plexus-0.9.0.M4.jar:/Users/work/.m2/repository/org/apache/maven/maven-settings-builder/3.9.11/maven-settings-builder-3.9.11.jar:/Users/work/.m2/repository/org/apache/maven/maven-resolver-provider/3.9.11/maven-resolver-provider-3.9.11.jar:/Users/work/.m2/repository/org/apache/maven/resolver/maven-resolver-connector-basic/1.9.24/maven-resolver-connector-basic-1.9.24.jar:/Users/work/.m2/repository/org/apache/maven/resolver/maven-resolver-transport-wagon/1.9.24/maven-resolver-transport-wagon-1.9.24.jar:/Users/work/.m2/repository/org/apache/maven/wagon/wagon-http/3.5.3/wagon-http-3.5.3.jar:/Users/work/.m2/repository/org/apache/maven/wagon/wagon-file/3.5.3/wagon-file-3.5.3.jar:/Users/work/.m2/repository/io/quarkus/quarkus-bootstrap-gradle-resolver/3.28.4/quarkus-bootstrap-gradle-resolver-3.28.4.jar:/Users/work/.m2/repository/io/smallrye/jandex/3.5.0/jandex-3.5.0.jar:/Users/work/.m2/repository/commons-io/commons-io/2.20.0/commons-io-2.20.0.jar:/Users/work/.m2/repository/org/jboss/logging/commons-logging-jboss-logging/1.0.0.Final/commons-logging-jboss-logging-1.0.0.Final.jar:/Users/work/.m2/repository/io/quarkus/quarkus-junit5-config/3.28.4/quarkus-junit5-config-3.28.4.jar:/Users/work/.m2/repository/org/junit/jupiter/junit-jupiter-api/5.13.4/junit-jupiter-api-5.13.4.jar:/Users/work/.m2/repository/org/opentest4j/opentest4j/1.3.0/opentest4j-1.3.0.jar:/Users/work/.m2/repository/org/junit/platform/junit-platform-commons/1.13.4/junit-platform-commons-1.13.4.jar:/Users/work/.m2/repository/org/apiguardian/apiguardian-api/1.1.2/apiguardian-api-1.1.2.jar:/Users/work/.m2/repository/org/junit/jupiter/junit-jupiter/5.13.4/junit-jupiter-5.13.4.jar:/Users/work/.m2/repository/org/junit/jupiter/junit-jupiter-params/5.13.4/junit-jupiter-params-5.13.4.jar:/Users/work/.m2/repository/org/junit/jupiter/junit-jupiter-engine/5.13.4/junit-jupiter-engine-5.13.4.jar:/Users/work/.m2/repository/org/junit/platform/junit-platform-engine/1.13.4/junit-platform-engine-1.13.4.jar:"/>
    <property name="java.vm.vendor" value="Homebrew"/>
    <property name="sun.arch.data.model" value="64"/>
    <property name="java.vendor.url" value="https://github.com/Homebrew/homebrew-core/issues"/>
    <property name="user.timezone" value="Africa/Tunis"/>
    <property name="logging.initial-configurator.min-level" value="500"/>
    <property name="os.name" value="Mac OS X"/>
    <property name="java.vm.specification.version" value="17"/>
    <property name="sun.java.launcher" value="SUN_STANDARD"/>
    <property name="user.country" value="TN"/>
    <property name="groovy.use.classvalue" value="false"/>
    <property name="sun.boot.library.path" value="/opt/homebrew/Cellar/openjdk@17/17.0.16/libexec/openjdk.jdk/Contents/Home/lib"/>
    <property name="sun.java.command" value="/Users/work/Desktop/project/bug-demo/target/surefire/surefirebooter-20251029111209197_3.jar /Users/work/Desktop/project/bug-demo/target/surefire 2025-10-29T11-12-09_152-jvmRun1 surefire-20251029111209197_1tmp surefire_0-20251029111209197_2tmp"/>
    <property name="http.nonProxyHosts" value="local|*.local|169.254/16|*.169.254/16"/>
    <property name="jdk.debug" value="release"/>
    <property name="surefire.test.class.path" value="/Users/work/Desktop/project/bug-demo/target/test-classes:/Users/work/Desktop/project/bug-demo/target/classes:/Users/work/.m2/repository/io/quarkus/quarkus-arc/3.28.4/quarkus-arc-3.28.4.jar:/Users/work/.m2/repository/io/quarkus/arc/arc/3.28.4/arc-3.28.4.jar:/Users/work/.m2/repository/jakarta/enterprise/jakarta.enterprise.cdi-api/4.1.0/jakarta.enterprise.cdi-api-4.1.0.jar:/Users/work/.m2/repository/jakarta/enterprise/jakarta.enterprise.lang-model/4.1.0/jakarta.enterprise.lang-model-4.1.0.jar:/Users/work/.m2/repository/jakarta/el/jakarta.el-api/6.0.1/jakarta.el-api-6.0.1.jar:/Users/work/.m2/repository/jakarta/interceptor/jakarta.interceptor-api/2.2.0/jakarta.interceptor-api-2.2.0.jar:/Users/work/.m2/repository/jakarta/annotation/jakarta.annotation-api/3.0.0/jakarta.annotation-api-3.0.0.jar:/Users/work/.m2/repository/jakarta/transaction/jakarta.transaction-api/2.0.1/jakarta.transaction-api-2.0.1.jar:/Users/work/.m2/repository/io/smallrye/reactive/mutiny/2.9.4/mutiny-2.9.4.jar:/Users/work/.m2/repository/org/jctools/jctools-core/4.0.5/jctools-core-4.0.5.jar:/Users/work/.m2/repository/org/jboss/logging/jboss-logging/3.6.1.Final/jboss-logging-3.6.1.Final.jar:/Users/work/.m2/repository/io/quarkus/quarkus-core/3.28.4/quarkus-core-3.28.4.jar:/Users/work/.m2/repository/jakarta/inject/jakarta.inject-api/2.0.1/jakarta.inject-api-2.0.1.jar:/Users/work/.m2/repository/io/smallrye/common/smallrye-common-os/2.13.9/smallrye-common-os-2.13.9.jar:/Users/work/.m2/repository/io/quarkus/quarkus-ide-launcher/3.28.4/quarkus-ide-launcher-3.28.4.jar:/Users/work/.m2/repository/io/quarkus/quarkus-development-mode-spi/3.28.4/quarkus-development-mode-spi-3.28.4.jar:/Users/work/.m2/repository/io/smallrye/config/smallrye-config/3.13.4/smallrye-config-3.13.4.jar:/Users/work/.m2/repository/io/smallrye/config/smallrye-config-core/3.13.4/smallrye-config-core-3.13.4.jar:/Users/work/.m2/repository/org/eclipse/microprofile/config/microprofile-config-api/3.1/microprofile-config-api-3.1.jar:/Users/work/.m2/repository/io/smallrye/common/smallrye-common-classloader/2.13.9/smallrye-common-classloader-2.13.9.jar:/Users/work/.m2/repository/io/smallrye/config/smallrye-config-common/3.13.4/smallrye-config-common-3.13.4.jar:/Users/work/.m2/repository/org/jboss/logmanager/jboss-logmanager/3.1.2.Final/jboss-logmanager-3.1.2.Final.jar:/Users/work/.m2/repository/io/smallrye/common/smallrye-common-constraint/2.13.9/smallrye-common-constraint-2.13.9.jar:/Users/work/.m2/repository/io/smallrye/common/smallrye-common-cpu/2.13.9/smallrye-common-cpu-2.13.9.jar:/Users/work/.m2/repository/io/smallrye/common/smallrye-common-expression/2.13.9/smallrye-common-expression-2.13.9.jar:/Users/work/.m2/repository/io/smallrye/common/smallrye-common-net/2.13.9/smallrye-common-net-2.13.9.jar:/Users/work/.m2/repository/io/smallrye/common/smallrye-common-ref/2.13.9/smallrye-common-ref-2.13.9.jar:/Users/work/.m2/repository/jakarta/json/jakarta.json-api/2.1.3/jakarta.json-api-2.1.3.jar:/Users/work/.m2/repository/org/eclipse/parsson/parsson/1.1.7/parsson-1.1.7.jar:/Users/work/.m2/repository/org/jboss/threads/jboss-threads/3.9.1/jboss-threads-3.9.1.jar:/Users/work/.m2/repository/io/smallrye/common/smallrye-common-function/2.13.9/smallrye-common-function-2.13.9.jar:/Users/work/.m2/repository/org/slf4j/slf4j-api/2.0.17/slf4j-api-2.0.17.jar:/Users/work/.m2/repository/org/jboss/slf4j/slf4j-jboss-logmanager/2.0.0.Final/slf4j-jboss-logmanager-2.0.0.Final.jar:/Users/work/.m2/repository/org/wildfly/common/wildfly-common/2.0.1/wildfly-common-2.0.1.jar:/Users/work/.m2/repository/io/quarkus/quarkus-bootstrap-runner/3.28.4/quarkus-bootstrap-runner-3.28.4.jar:/Users/work/.m2/repository/org/crac/crac/1.5.0/crac-1.5.0.jar:/Users/work/.m2/repository/io/quarkus/quarkus-fs-util/1.2.0/quarkus-fs-util-1.2.0.jar:/Users/work/.m2/repository/org/eclipse/microprofile/context-propagation/microprofile-context-propagation-api/1.3/microprofile-context-propagation-api-1.3.jar:/Users/work/.m2/repository/io/quarkiverse/langchain4j/quarkus-langchain4j-core/1.2.0/quarkus-langchain4j-core-1.2.0.jar:/Users/work/.m2/repository/io/quarkus/quarkus-jackson/3.28.4/quarkus-jackson-3.28.4.jar:/Users/work/.m2/repository/com/fasterxml/jackson/core/jackson-databind/2.20.0/jackson-databind-2.20.0.jar:/Users/work/.m2/repository/com/fasterxml/jackson/datatype/jackson-datatype-jsr310/2.20.0/jackson-datatype-jsr310-2.20.0.jar:/Users/work/.m2/repository/com/fasterxml/jackson/datatype/jackson-datatype-jdk8/2.20.0/jackson-datatype-jdk8-2.20.0.jar:/Users/work/.m2/repository/com/fasterxml/jackson/module/jackson-module-parameter-names/2.20.0/jackson-module-parameter-names-2.20.0.jar:/Users/work/.m2/repository/io/quarkus/quarkus-qute/3.28.4/quarkus-qute-3.28.4.jar:/Users/work/.m2/repository/io/quarkus/qute/qute-core/3.28.4/qute-core-3.28.4.jar:/Users/work/.m2/repository/io/quarkus/quarkus-vertx/3.28.4/quarkus-vertx-3.28.4.jar:/Users/work/.m2/repository/io/quarkus/quarkus-netty/3.28.4/quarkus-netty-3.28.4.jar:/Users/work/.m2/repository/io/netty/netty-codec/4.1.127.Final/netty-codec-4.1.127.Final.jar:/Users/work/.m2/repository/io/netty/netty-common/4.1.127.Final/netty-common-4.1.127.Final.jar:/Users/work/.m2/repository/io/netty/netty-codec-http/4.1.127.Final/netty-codec-http-4.1.127.Final.jar:/Users/work/.m2/repository/io/netty/netty-codec-http2/4.1.127.Final/netty-codec-http2-4.1.127.Final.jar:/Users/work/.m2/repository/io/netty/netty-handler/4.1.127.Final/netty-handler-4.1.127.Final.jar:/Users/work/.m2/repository/io/netty/netty-resolver/4.1.127.Final/netty-resolver-4.1.127.Final.jar:/Users/work/.m2/repository/io/netty/netty-transport-native-unix-common/4.1.127.Final/netty-transport-native-unix-common-4.1.127.Final.jar:/Users/work/.m2/repository/io/netty/netty-codec-haproxy/4.1.127.Final/netty-codec-haproxy-4.1.127.Final.jar:/Users/work/.m2/repository/io/netty/netty-buffer/4.1.127.Final/netty-buffer-4.1.127.Final.jar:/Users/work/.m2/repository/io/netty/netty-transport/4.1.127.Final/netty-transport-4.1.127.Final.jar:/Users/work/.m2/repository/io/smallrye/common/smallrye-common-annotation/2.13.9/smallrye-common-annotation-2.13.9.jar:/Users/work/.m2/repository/io/smallrye/common/smallrye-common-vertx-context/2.13.9/smallrye-common-vertx-context-2.13.9.jar:/Users/work/.m2/repository/io/vertx/vertx-core/4.5.21/vertx-core-4.5.21.jar:/Users/work/.m2/repository/io/netty/netty-handler-proxy/4.1.127.Final/netty-handler-proxy-4.1.127.Final.jar:/Users/work/.m2/repository/io/netty/netty-codec-socks/4.1.127.Final/netty-codec-socks-4.1.127.Final.jar:/Users/work/.m2/repository/io/netty/netty-resolver-dns/4.1.127.Final/netty-resolver-dns-4.1.127.Final.jar:/Users/work/.m2/repository/io/netty/netty-codec-dns/4.1.127.Final/netty-codec-dns-4.1.127.Final.jar:/Users/work/.m2/repository/io/quarkus/quarkus-mutiny/3.28.4/quarkus-mutiny-3.28.4.jar:/Users/work/.m2/repository/io/quarkus/quarkus-smallrye-context-propagation/3.28.4/quarkus-smallrye-context-propagation-3.28.4.jar:/Users/work/.m2/repository/io/smallrye/smallrye-context-propagation/2.2.1/smallrye-context-propagation-2.2.1.jar:/Users/work/.m2/repository/io/smallrye/smallrye-context-propagation-api/2.2.1/smallrye-context-propagation-api-2.2.1.jar:/Users/work/.m2/repository/io/smallrye/smallrye-context-propagation-storage/2.2.1/smallrye-context-propagation-storage-2.2.1.jar:/Users/work/.m2/repository/io/smallrye/reactive/mutiny-smallrye-context-propagation/2.9.4/mutiny-smallrye-context-propagation-2.9.4.jar:/Users/work/.m2/repository/io/quarkus/quarkus-virtual-threads/3.28.4/quarkus-virtual-threads-3.28.4.jar:/Users/work/.m2/repository/io/quarkus/quarkus-vertx-latebound-mdc-provider/3.28.4/quarkus-vertx-latebound-mdc-provider-3.28.4.jar:/Users/work/.m2/repository/io/smallrye/reactive/smallrye-mutiny-vertx-core/3.19.2/smallrye-mutiny-vertx-core-3.19.2.jar:/Users/work/.m2/repository/io/smallrye/reactive/smallrye-mutiny-vertx-runtime/3.19.2/smallrye-mutiny-vertx-runtime-3.19.2.jar:/Users/work/.m2/repository/io/smallrye/reactive/vertx-mutiny-generator/3.19.2/vertx-mutiny-generator-3.19.2.jar:/Users/work/.m2/repository/io/vertx/vertx-codegen/4.5.21/vertx-codegen-4.5.21.jar:/Users/work/.m2/repository/io/smallrye/smallrye-fault-tolerance-vertx/6.9.3/smallrye-fault-tolerance-vertx-6.9.3.jar:/Users/work/.m2/repository/io/quarkiverse/langchain4j/quarkus-langchain4j-core-runtime-spi/1.2.0/quarkus-langchain4j-core-runtime-spi-1.2.0.jar:/Users/work/.m2/repository/dev/langchain4j/langchain4j/1.5.0/langchain4j-1.5.0.jar:/Users/work/.m2/repository/dev/langchain4j/langchain4j-core/1.5.0/langchain4j-core-1.5.0.jar:/Users/work/.m2/repository/org/jspecify/jspecify/1.0.0/jspecify-1.0.0.jar:/Users/work/.m2/repository/com/fasterxml/jackson/core/jackson-annotations/2.20/jackson-annotations-2.20.jar:/Users/work/.m2/repository/com/fasterxml/jackson/core/jackson-core/2.20.0/jackson-core-2.20.0.jar:/Users/work/.m2/repository/org/apache/opennlp/opennlp-tools/2.5.4/opennlp-tools-2.5.4.jar:/Users/work/.m2/repository/io/quarkiverse/langchain4j/quarkus-langchain4j-openai/1.2.0/quarkus-langchain4j-openai-1.2.0.jar:/Users/work/.m2/repository/io/quarkiverse/langchain4j/quarkus-langchain4j-openai-common/1.2.0/quarkus-langchain4j-openai-common-1.2.0.jar:/Users/work/.m2/repository/dev/langchain4j/langchain4j-open-ai/1.5.0/langchain4j-open-ai-1.5.0.jar:/Users/work/.m2/repository/com/knuddels/jtokkit/1.1.0/jtokkit-1.1.0.jar:/Users/work/.m2/repository/io/quarkiverse/langchain4j/quarkus-langchain4j-mistral-ai/1.2.0/quarkus-langchain4j-mistral-ai-1.2.0.jar:/Users/work/.m2/repository/io/quarkus/quarkus-rest-client-jackson/3.28.4/quarkus-rest-client-jackson-3.28.4.jar:/Users/work/.m2/repository/io/quarkus/resteasy/reactive/resteasy-reactive-jackson/3.28.4/resteasy-reactive-jackson-3.28.4.jar:/Users/work/.m2/repository/io/quarkus/resteasy/reactive/resteasy-reactive/3.28.4/resteasy-reactive-3.28.4.jar:/Users/work/.m2/repository/io/quarkus/resteasy/reactive/resteasy-reactive-common/3.28.4/resteasy-reactive-common-3.28.4.jar:/Users/work/.m2/repository/io/quarkus/resteasy/reactive/resteasy-reactive-common-types/3.28.4/resteasy-reactive-common-types-3.28.4.jar:/Users/work/.m2/repository/org/reactivestreams/reactive-streams/1.0.4/reactive-streams-1.0.4.jar:/Users/work/.m2/repository/io/smallrye/reactive/mutiny-zero-flow-adapters/1.1.1/mutiny-zero-flow-adapters-1.1.1.jar:/Users/work/.m2/repository/jakarta/ws/rs/jakarta.ws.rs-api/3.1.0/jakarta.ws.rs-api-3.1.0.jar:/Users/work/.m2/repository/jakarta/xml/bind/jakarta.xml.bind-api/4.0.4/jakarta.xml.bind-api-4.0.4.jar:/Users/work/.m2/repository/jakarta/activation/jakarta.activation-api/2.1.4/jakarta.activation-api-2.1.4.jar:/Users/work/.m2/repository/io/quarkus/quarkus-rest-jackson-common/3.28.4/quarkus-rest-jackson-common-3.28.4.jar:/Users/work/.m2/repository/io/quarkus/quarkus-rest-common/3.28.4/quarkus-rest-common-3.28.4.jar:/Users/work/.m2/repository/io/quarkus/quarkus-jsonp/3.28.4/quarkus-jsonp-3.28.4.jar:/Users/work/.m2/repository/io/quarkus/quarkus-rest-client/3.28.4/quarkus-rest-client-3.28.4.jar:/Users/work/.m2/repository/io/quarkus/quarkus-rest-client-jaxrs/3.28.4/quarkus-rest-client-jaxrs-3.28.4.jar:/Users/work/.m2/repository/io/quarkus/resteasy/reactive/resteasy-reactive-client/3.28.4/resteasy-reactive-client-3.28.4.jar:/Users/work/.m2/repository/io/smallrye/stork/stork-api/2.7.3/stork-api-2.7.3.jar:/Users/work/.m2/repository/io/vertx/vertx-web-client/4.5.21/vertx-web-client-4.5.21.jar:/Users/work/.m2/repository/io/vertx/vertx-uri-template/4.5.21/vertx-uri-template-4.5.21.jar:/Users/work/.m2/repository/io/vertx/vertx-web-common/4.5.21/vertx-web-common-4.5.21.jar:/Users/work/.m2/repository/io/vertx/vertx-auth-common/4.5.21/vertx-auth-common-4.5.21.jar:/Users/work/.m2/repository/io/quarkus/quarkus-rest-client-config/3.28.4/quarkus-rest-client-config-3.28.4.jar:/Users/work/.m2/repository/io/quarkus/quarkus-tls-registry/3.28.4/quarkus-tls-registry-3.28.4.jar:/Users/work/.m2/repository/io/quarkus/quarkus-tls-registry-spi/3.28.4/quarkus-tls-registry-spi-3.28.4.jar:/Users/work/.m2/repository/io/quarkus/quarkus-credentials/3.28.4/quarkus-credentials-3.28.4.jar:/Users/work/.m2/repository/io/smallrye/certs/smallrye-private-key-pem-parser/0.9.2/smallrye-private-key-pem-parser-0.9.2.jar:/Users/work/.m2/repository/org/eclipse/microprofile/rest/client/microprofile-rest-client-api/4.0/microprofile-rest-client-api-4.0.jar:/Users/work/.m2/repository/dev/langchain4j/langchain4j-mistral-ai/1.5.0/langchain4j-mistral-ai-1.5.0.jar:/Users/work/.m2/repository/dev/langchain4j/langchain4j-http-client/1.5.0/langchain4j-http-client-1.5.0.jar:/Users/work/.m2/repository/dev/langchain4j/langchain4j-http-client-jdk/1.5.0/langchain4j-http-client-jdk-1.5.0.jar:/Users/work/.m2/repository/io/quarkus/quarkus-junit5/3.28.4/quarkus-junit5-3.28.4.jar:/Users/work/.m2/repository/io/quarkus/quarkus-bootstrap-core/3.28.4/quarkus-bootstrap-core-3.28.4.jar:/Users/work/.m2/repository/io/quarkus/quarkus-classloader-commons/3.28.4/quarkus-classloader-commons-3.28.4.jar:/Users/work/.m2/repository/io/quarkus/quarkus-bootstrap-app-model/3.28.4/quarkus-bootstrap-app-model-3.28.4.jar:/Users/work/.m2/repository/io/smallrye/common/smallrye-common-io/2.13.9/smallrye-common-io-2.13.9.jar:/Users/work/.m2/repository/org/eclipse/sisu/org.eclipse.sisu.inject/0.9.0.M4/org.eclipse.sisu.inject-0.9.0.M4.jar:/Users/work/.m2/repository/org/ow2/asm/asm/9.8/asm-9.8.jar:/Users/work/.m2/repository/io/quarkus/quarkus-test-common/3.28.4/quarkus-test-common-3.28.4.jar:/Users/work/.m2/repository/io/quarkus/quarkus-core-deployment/3.28.4/quarkus-core-deployment-3.28.4.jar:/Users/work/.m2/repository/org/aesh/readline/2.6/readline-2.6.jar:/Users/work/.m2/repository/org/fusesource/jansi/jansi/2.4.0/jansi-2.4.0.jar:/Users/work/.m2/repository/org/aesh/aesh/2.8.2/aesh-2.8.2.jar:/Users/work/.m2/repository/org/apache/commons/commons-lang3/3.18.0/commons-lang3-3.18.0.jar:/Users/work/.m2/repository/org/apache/commons/commons-compress/1.28.0/commons-compress-1.28.0.jar:/Users/work/.m2/repository/commons-codec/commons-codec/1.19.0/commons-codec-1.19.0.jar:/Users/work/.m2/repository/io/quarkus/gizmo/gizmo/1.9.0/gizmo-1.9.0.jar:/Users/work/.m2/repository/org/ow2/asm/asm-util/9.8/asm-util-9.8.jar:/Users/work/.m2/repository/org/ow2/asm/asm-analysis/9.8/asm-analysis-9.8.jar:/Users/work/.m2/repository/io/quarkus/gizmo/gizmo2/2.0.0.Beta6/gizmo2-2.0.0.Beta6.jar:/Users/work/.m2/repository/io/github/dmlloyd/jdk-classfile-backport/24.0/jdk-classfile-backport-24.0.jar:/Users/work/.m2/repository/io/smallrye/common/smallrye-common-resource/2.13.9/smallrye-common-resource-2.13.9.jar:/Users/work/.m2/repository/io/smallrye/jandex-gizmo2/3.5.0/jandex-gizmo2-3.5.0.jar:/Users/work/.m2/repository/io/smallrye/common/smallrye-common-process/2.13.9/smallrye-common-process-2.13.9.jar:/Users/work/.m2/repository/org/ow2/asm/asm-commons/9.8/asm-commons-9.8.jar:/Users/work/.m2/repository/org/ow2/asm/asm-tree/9.8/asm-tree-9.8.jar:/Users/work/.m2/repository/io/quarkus/quarkus-hibernate-validator-spi/3.28.4/quarkus-hibernate-validator-spi-3.28.4.jar:/Users/work/.m2/repository/io/quarkus/quarkus-class-change-agent/3.28.4/quarkus-class-change-agent-3.28.4.jar:/Users/work/.m2/repository/io/quarkus/quarkus-builder/3.28.4/quarkus-builder-3.28.4.jar:/Users/work/.m2/repository/org/graalvm/sdk/nativeimage/23.1.2/nativeimage-23.1.2.jar:/Users/work/.m2/repository/org/graalvm/sdk/word/23.1.2/word-23.1.2.jar:/Users/work/.m2/repository/org/junit/platform/junit-platform-launcher/1.13.4/junit-platform-launcher-1.13.4.jar:/Users/work/.m2/repository/io/quarkus/quarkus-bootstrap-maven-resolver/3.28.4/quarkus-bootstrap-maven-resolver-3.28.4.jar:/Users/work/.m2/repository/io/smallrye/beanbag/smallrye-beanbag-maven/1.5.3/smallrye-beanbag-maven-1.5.3.jar:/Users/work/.m2/repository/io/smallrye/beanbag/smallrye-beanbag-sisu/1.5.3/smallrye-beanbag-sisu-1.5.3.jar:/Users/work/.m2/repository/io/smallrye/beanbag/smallrye-beanbag/1.5.3/smallrye-beanbag-1.5.3.jar:/Users/work/.m2/repository/javax/inject/javax.inject/1/javax.inject-1.jar:/Users/work/.m2/repository/org/apache/httpcomponents/httpclient/4.5.14/httpclient-4.5.14.jar:/Users/work/.m2/repository/org/apache/httpcomponents/httpcore/4.4.16/httpcore-4.4.16.jar:/Users/work/.m2/repository/org/apache/maven/maven-artifact/3.9.11/maven-artifact-3.9.11.jar:/Users/work/.m2/repository/org/apache/maven/maven-builder-support/3.9.11/maven-builder-support-3.9.11.jar:/Users/work/.m2/repository/org/apache/maven/maven-model/3.9.11/maven-model-3.9.11.jar:/Users/work/.m2/repository/org/apache/maven/maven-model-builder/3.9.11/maven-model-builder-3.9.11.jar:/Users/work/.m2/repository/org/apache/maven/maven-repository-metadata/3.9.11/maven-repository-metadata-3.9.11.jar:/Users/work/.m2/repository/org/apache/maven/maven-settings/3.9.11/maven-settings-3.9.11.jar:/Users/work/.m2/repository/org/apache/maven/resolver/maven-resolver-api/1.9.24/maven-resolver-api-1.9.24.jar:/Users/work/.m2/repository/org/apache/maven/resolver/maven-resolver-impl/1.9.24/maven-resolver-impl-1.9.24.jar:/Users/work/.m2/repository/org/apache/maven/resolver/maven-resolver-named-locks/1.9.24/maven-resolver-named-locks-1.9.24.jar:/Users/work/.m2/repository/org/apache/maven/resolver/maven-resolver-spi/1.9.24/maven-resolver-spi-1.9.24.jar:/Users/work/.m2/repository/org/apache/maven/resolver/maven-resolver-util/1.9.24/maven-resolver-util-1.9.24.jar:/Users/work/.m2/repository/org/apache/maven/resolver/maven-resolver-transport-http/1.9.23/maven-resolver-transport-http-1.9.23.jar:/Users/work/.m2/repository/org/apache/maven/wagon/wagon-provider-api/3.5.3/wagon-provider-api-3.5.3.jar:/Users/work/.m2/repository/org/apache/maven/wagon/wagon-http-shared/3.5.3/wagon-http-shared-3.5.3.jar:/Users/work/.m2/repository/org/codehaus/plexus/plexus-interpolation/1.26/plexus-interpolation-1.26.jar:/Users/work/.m2/repository/org/codehaus/plexus/plexus-utils/3.5.1/plexus-utils-3.5.1.jar:/Users/work/.m2/repository/org/codehaus/plexus/plexus-xml/4.0.2/plexus-xml-4.0.2.jar:/Users/work/.m2/repository/org/apache/maven/maven-xml-impl/4.0.0-alpha-7/maven-xml-impl-4.0.0-alpha-7.jar:/Users/work/.m2/repository/org/apache/maven/maven-api-xml/4.0.0-alpha-7/maven-api-xml-4.0.0-alpha-7.jar:/Users/work/.m2/repository/org/apache/maven/maven-api-meta/4.0.0-alpha-7/maven-api-meta-4.0.0-alpha-7.jar:/Users/work/.m2/repository/org/codehaus/plexus/plexus-cipher/2.0/plexus-cipher-2.0.jar:/Users/work/.m2/repository/org/codehaus/plexus/plexus-sec-dispatcher/2.0/plexus-sec-dispatcher-2.0.jar:/Users/work/.m2/repository/io/quarkus/quarkus-bootstrap-maven4-resolver/3.28.4/quarkus-bootstrap-maven4-resolver-3.28.4.jar:/Users/work/.m2/repository/org/apache/maven/maven-embedder/3.9.11/maven-embedder-3.9.11.jar:/Users/work/.m2/repository/org/apache/maven/maven-core/3.9.11/maven-core-3.9.11.jar:/Users/work/.m2/repository/org/codehaus/plexus/plexus-component-annotations/2.1.0/plexus-component-annotations-2.1.0.jar:/Users/work/.m2/repository/org/apache/maven/maven-plugin-api/3.9.11/maven-plugin-api-3.9.11.jar:/Users/work/.m2/repository/org/apache/maven/shared/maven-shared-utils/3.4.2/maven-shared-utils-3.4.2.jar:/Users/work/.m2/repository/com/google/inject/guice/5.1.0/guice-5.1.0-classes.jar:/Users/work/.m2/repository/aopalliance/aopalliance/1.0/aopalliance-1.0.jar:/Users/work/.m2/repository/com/google/guava/guava/33.4.8-jre/guava-33.4.8-jre.jar:/Users/work/.m2/repository/com/google/guava/failureaccess/1.0.1/failureaccess-1.0.1.jar:/Users/work/.m2/repository/javax/annotation/javax.annotation-api/1.3.2/javax.annotation-api-1.3.2.jar:/Users/work/.m2/repository/org/codehaus/plexus/plexus-classworlds/2.6.0/plexus-classworlds-2.6.0.jar:/Users/work/.m2/repository/commons-cli/commons-cli/1.9.0/commons-cli-1.9.0.jar:/Users/work/.m2/repository/org/eclipse/sisu/org.eclipse.sisu.plexus/0.9.0.M4/org.eclipse.sisu.plexus-0.9.0.M4.jar:/Users/work/.m2/repository/org/apache/maven/maven-settings-builder/3.9.11/maven-settings-builder-3.9.11.jar:/Users/work/.m2/repository/org/apache/maven/maven-resolver-provider/3.9.11/maven-resolver-provider-3.9.11.jar:/Users/work/.m2/repository/org/apache/maven/resolver/maven-resolver-connector-basic/1.9.24/maven-resolver-connector-basic-1.9.24.jar:/Users/work/.m2/repository/org/apache/maven/resolver/maven-resolver-transport-wagon/1.9.24/maven-resolver-transport-wagon-1.9.24.jar:/Users/work/.m2/repository/org/apache/maven/wagon/wagon-http/3.5.3/wagon-http-3.5.3.jar:/Users/work/.m2/repository/org/apache/maven/wagon/wagon-file/3.5.3/wagon-file-3.5.3.jar:/Users/work/.m2/repository/io/quarkus/quarkus-bootstrap-gradle-resolver/3.28.4/quarkus-bootstrap-gradle-resolver-3.28.4.jar:/Users/work/.m2/repository/io/smallrye/jandex/3.5.0/jandex-3.5.0.jar:/Users/work/.m2/repository/commons-io/commons-io/2.20.0/commons-io-2.20.0.jar:/Users/work/.m2/repository/org/jboss/logging/commons-logging-jboss-logging/1.0.0.Final/commons-logging-jboss-logging-1.0.0.Final.jar:/Users/work/.m2/repository/io/quarkus/quarkus-junit5-config/3.28.4/quarkus-junit5-config-3.28.4.jar:/Users/work/.m2/repository/org/junit/jupiter/junit-jupiter-api/5.13.4/junit-jupiter-api-5.13.4.jar:/Users/work/.m2/repository/org/opentest4j/opentest4j/1.3.0/opentest4j-1.3.0.jar:/Users/work/.m2/repository/org/junit/platform/junit-platform-commons/1.13.4/junit-platform-commons-1.13.4.jar:/Users/work/.m2/repository/org/apiguardian/apiguardian-api/1.1.2/apiguardian-api-1.1.2.jar:/Users/work/.m2/repository/org/junit/jupiter/junit-jupiter/5.13.4/junit-jupiter-5.13.4.jar:/Users/work/.m2/repository/org/junit/jupiter/junit-jupiter-params/5.13.4/junit-jupiter-params-5.13.4.jar:/Users/work/.m2/repository/org/junit/jupiter/junit-jupiter-engine/5.13.4/junit-jupiter-engine-5.13.4.jar:/Users/work/.m2/repository/org/junit/platform/junit-platform-engine/1.13.4/junit-platform-engine-1.13.4.jar:"/>
    <property name="sun.cpu.endian" value="little"/>
    <property name="user.home" value="/Users/work"/>
    <property name="user.language" value="en"/>
    <property name="jboss.log-version" value="false"/>
    <property name="java.specification.vendor" value="Oracle Corporation"/>
    <property name="io.netty.allocator.maxOrder" value="3"/>
    <property name="java.version.date" value="2025-07-15"/>
    <property name="java.home" value="/opt/homebrew/Cellar/openjdk@17/17.0.16/libexec/openjdk.jdk/Contents/Home"/>
    <property name="file.separator" value="/"/>
    <property name="basedir" value="/Users/work/Desktop/project/bug-demo"/>
    <property name="java.vm.compressedOopsMode" value="Zero based"/>
    <property name="line.separator" value="&#10;"/>
    <property name="java.vm.specification.vendor" value="Oracle Corporation"/>
    <property name="java.specification.name" value="Java Platform API Specification"/>
    <property name="io.netty.allocator.disableCacheFinalizersForFastThreadLocalThreads" value="true"/>
    <property name="surefire.real.class.path" value="/Users/work/Desktop/project/bug-demo/target/surefire/surefirebooter-20251029111209197_3.jar"/>
    <property name="sun.management.compiler" value="HotSpot 64-Bit Tiered Compilers"/>
    <property name="ftp.nonProxyHosts" value="local|*.local|169.254/16|*.169.254/16"/>
    <property name="java.runtime.version" value="17.0.16+0"/>
    <property name="user.name" value="work"/>
    <property name="path.separator" value=":"/>
    <property name="os.version" value="26.0.1"/>
    <property name="java.runtime.name" value="OpenJDK Runtime Environment"/>
    <property name="file.encoding" value="UTF-8"/>
    <property name="java.vm.name" value="OpenJDK 64-Bit Server VM"/>
    <property name="java.vendor.version" value="Homebrew"/>
    <property name="localRepository" value="/Users/work/.m2/repository"/>
    <property name="java.vendor.url.bug" value="https://github.com/Homebrew/homebrew-core/issues"/>
    <property name="java.io.tmpdir" value="/var/folders/5y/36qlk92x7ss3p1pzjw4vr3k00000gq/T/"/>
    <property name="java.version" value="17.0.16"/>
    <property name="java.util.concurrent.ForkJoinPool.common.threadFactory" value="io.quarkus.bootstrap.forkjoin.QuarkusForkJoinWorkerThreadFactory"/>
    <property name="user.dir" value="/Users/work/Desktop/project/bug-demo"/>
    <property name="os.arch" value="aarch64"/>
    <property name="java.vm.specification.name" value="Java Virtual Machine Specification"/>
    <property name="vertx.disableDnsResolver" value="true"/>
    <property name="native.encoding" value="UTF-8"/>
    <property name="java.util.logging.manager" value="org.jboss.logmanager.LogManager"/>
    <property name="java.library.path" value="/Users/work/Library/Java/Extensions:/Library/Java/Extensions:/Network/Library/Java/Extensions:/System/Library/Java/Extensions:/usr/lib/java:."/>
    <property name="jdk.console" value="java.base"/>
    <property name="java.vm.info" value="mixed mode, sharing"/>
    <property name="java.vendor" value="Homebrew"/>
    <property name="vertx.disableTCCL" value="true"/>
    <property name="java.vm.version" value="17.0.16+0"/>
    <property name="vertx.logger-delegate-factory-class-name" value="io.quarkus.vertx.core.runtime.VertxLogDelegateFactory"/>
    <property name="java.specification.maintenance.version" value="1"/>
    <property name="sun.io.unicode.encoding" value="UnicodeBig"/>
    <property name="io.netty.machineId" value="f2:61:1c:b5:f1:81:80:20"/>
    <property name="socksNonProxyHosts" value="local|*.local|169.254/16|*.169.254/16"/>
    <property name="java.class.version" value="61.0"/>
  </properties>
  <testcase name="testModelNameWithMemory" classname="io.quarkus.langchain4j.bug.ModelNameMemoryInteractionTest" time="2.479">
    <system-out><![CDATA[2025-10-29 11:12:10,524 DEBUG [io.qua.lan.dep.ToolProcessor] (build-18) Ignoring tool dev.langchain4j.web.search.WebSearchTool#searchWeb as there is no implementation of dev.langchain4j.web.search.WebSearchEngine on the classpath
2025-10-29 11:12:10,553 DEBUG [io.qua.lan.dep.AiServicesProcessor] (build-2) Annotation dev.langchain4j.service.MemoryId matches an allowed predicate, parameter could be used as template variable.
2025-10-29 11:12:10,559 DEBUG [io.qua.lan.dep.AiServicesProcessor] (build-2) Annotation io.quarkiverse.langchain4j.ModelName doesn't match any predicate, parameter could not be used as template variable unless force allowed by another annotation.
2025-10-29 11:12:10,727 DEBUG [io.qua.lan.dep.ToolProcessor] (build-14) Tool classes before filtering out removed beans: []
2025-10-29 11:12:10,728 DEBUG [io.qua.lan.dep.ToolProcessor] (build-14) Tool classes after filtering out removed beans: []
2025-10-29 11:12:11,137 WARN  [io.qua.config] (main) Unrecognized configuration key "quarkus.langchain4j.default.chat-memory.memory-window.max-messages" was provided; it will be ignored; verify that the dependency extension for this configuration is set or that you did not make a typo
2025-10-29 11:12:11,137 WARN  [io.qua.config] (main) Unrecognized configuration key "quarkus.langchain4j.default2.chat-memory.memory-window.max-messages" was provided; it will be ignored; verify that the dependency extension for this configuration is set or that you did not make a typo
2025-10-29 11:12:11,137 WARN  [io.qua.config] (main) Unrecognized configuration key "quarkus.langchain4j.default2.chat-memory.type" was provided; it will be ignored; verify that the dependency extension for this configuration is set or that you did not make a typo
2025-10-29 11:12:11,137 WARN  [io.qua.config] (main) Unrecognized configuration key "quarkus.langchain4j.default.chat-memory.type" was provided; it will be ignored; verify that the dependency extension for this configuration is set or that you did not make a typo
2025-10-29 11:12:11,137 WARN  [io.qua.config] (main) Unrecognized configuration key "quarkus.http.port" was provided; it will be ignored; verify that the dependency extension for this configuration is set or that you did not make a typo
2025-10-29 11:12:11,202 INFO  [io.quarkus] (main) modelname-memoryid-bug-reproduction 1.0.0-SNAPSHOT on JVM (powered by Quarkus 3.28.4) started in 1.305s. 
2025-10-29 11:12:11,203 INFO  [io.quarkus] (main) Profile test activated. 
2025-10-29 11:12:11,203 INFO  [io.quarkus] (main) Installed features: [cdi, langchain4j, langchain4j-mistralai, langchain4j-openai, qute, rest-client, rest-client-jackson, smallrye-context-propagation, vertx]

========================================
Testing @ModelName WITH @MemoryId
========================================

Call 1: conversationId='conv1', model='default' (expects OpenAI GPT-4)
Response: I am GPT-4.

Call 2: conversationId='conv2', model='default2' (expects Mistral)
Response: I am GPT-4.

]]></system-out>
    <system-err><![CDATA[
✗ BUG DEMONSTRATION:
Check the errors above - both calls attempted the same model!
Expected: First uses gpt-4, second uses mistral-large-latest
Actual: Both use gpt-4o (the non-named fallback configuration)
]]></system-err>
  </testcase>
</testsuite>